\BOOKMARK [0][]{chapter.1}{Einleitung}{}% 1
\BOOKMARK [1][]{section.1.1}{Motivation}{chapter.1}% 2
\BOOKMARK [1][]{section.1.2}{Aufgabenstellung}{chapter.1}% 3
\BOOKMARK [0][]{chapter.2}{Stand der Forschung}{}% 4
\BOOKMARK [1][]{section.2.1}{Standardmarkenbasierte Verfahren}{chapter.2}% 5
\BOOKMARK [1][]{section.2.2}{Verfahren basierend auf nat\374rlichen Merkmalen}{chapter.2}% 6
\BOOKMARK [2][]{subsection.2.2.1}{Kantenbasiertes Verfahren}{section.2.2}% 7
\BOOKMARK [2][]{subsection.2.2.2}{Optischer Fluss basiertes Verfahren}{section.2.2}% 8
\BOOKMARK [2][]{subsection.2.2.3}{Templatebasiertes Verfahren}{section.2.2}% 9
\BOOKMARK [2][]{subsection.2.2.4}{Punktebasiertes Verfahren}{section.2.2}% 10
\BOOKMARK [1][]{section.2.3}{Markenbasierte Objekterkennung}{chapter.2}% 11
\BOOKMARK [2][]{subsection.2.3.1}{Markenerkennung}{section.2.3}% 12
\BOOKMARK [2][]{subsection.2.3.2}{Markenverfolgung}{section.2.3}% 13
\BOOKMARK [2][]{subsection.2.3.3}{Sch\344tzung der Transformation}{section.2.3}% 14
\BOOKMARK [3][]{subsubsection.2.3.3.1}{Geschlossene Form}{subsection.2.3.3}% 15
\BOOKMARK [3][]{subsubsection.2.3.3.2}{Iterative Closest Point Algorithmus}{subsection.2.3.3}% 16
\BOOKMARK [2][]{subsection.2.3.4}{Objektkalibrierung}{section.2.3}% 17
\BOOKMARK [3][]{subsubsection.2.3.4.1}{Statistisches Verfahren}{subsection.2.3.4}% 18
\BOOKMARK [3][]{subsubsection.2.3.4.2}{Dynamisches Verfahren}{subsection.2.3.4}% 19
\BOOKMARK [2][]{subsection.2.3.5}{Objekterkennung und Verfolgung}{section.2.3}% 20
\BOOKMARK [0][]{chapter.3}{Grundlagen}{}% 21
\BOOKMARK [1][]{section.3.1}{Generierung der 3D-Daten}{chapter.3}% 22
\BOOKMARK [2][]{subsection.3.1.1}{TOF-Sensor}{section.3.1}% 23
\BOOKMARK [3][]{subsubsection.3.1.1.1}{TOF Kamera}{subsection.3.1.1}% 24
\BOOKMARK [3][]{subsubsection.3.1.1.2}{PMD Sensor}{subsection.3.1.1}% 25
\BOOKMARK [3][]{subsubsection.3.1.1.3}{Unterschied zwischen TOF Kamera und Kinect}{subsection.3.1.1}% 26
\BOOKMARK [2][]{subsection.3.1.2}{Helligkeit und S\344ttigung}{section.3.1}% 27
\BOOKMARK [1][]{section.3.2}{Markenerkennung}{chapter.3}% 28
\BOOKMARK [1][]{section.3.3}{Markenverfolgung}{chapter.3}% 29
\BOOKMARK [2][]{subsection.3.3.1}{Kalman-Filter}{section.3.3}% 30
\BOOKMARK [2][]{subsection.3.3.2}{Singul\344rwertzerlegung}{section.3.3}% 31
\BOOKMARK [1][]{section.3.4}{Sch\344tzung der Transformation}{chapter.3}% 32
\BOOKMARK [2][]{subsection.3.4.1}{Quaternion}{section.3.4}% 33
\BOOKMARK [2][]{subsection.3.4.2}{Beschreibung der Drehungen im Dreidimensionalen Raum mit Quaternionen}{section.3.4}% 34
\BOOKMARK [2][]{subsection.3.4.3}{Orientierung mit Einheitsquaternion}{section.3.4}% 35
\BOOKMARK [1][]{section.3.5}{Objekterkennung}{chapter.3}% 36
\BOOKMARK [2][]{subsection.3.5.1}{Teilgraph Isomorphismus}{section.3.5}% 37
\BOOKMARK [0][]{chapter.4}{Implementierung}{}% 38
\BOOKMARK [1][]{section.4.1}{Markenanalyse}{chapter.4}% 39
\BOOKMARK [2][]{subsection.4.1.1}{Markenerkennung}{section.4.1}% 40
\BOOKMARK [3][]{subsubsection.4.1.1.1}{Auswahl des Erkennungsalgorithmus}{subsection.4.1.1}% 41
\BOOKMARK [3][]{subsubsection.4.1.1.2}{Auswahl der Gr\366\337e der Marken}{subsection.4.1.1}% 42
\BOOKMARK [3][]{subsubsection.4.1.1.3}{Kontrolle der Helligkeit}{subsection.4.1.1}% 43
\BOOKMARK [2][]{subsection.4.1.2}{Markenverfolgung}{section.4.1}% 44
\BOOKMARK [1][]{section.4.2}{Objekteinlernen}{chapter.4}% 45
\BOOKMARK [2][]{subsection.4.2.1}{Markenanordnung}{section.4.2}% 46
\BOOKMARK [1][]{section.4.3}{Objekterkennung und Verfolgung}{chapter.4}% 47
\BOOKMARK [1][]{section.4.4}{Bilder Steuerung}{chapter.4}% 48
\BOOKMARK [0][]{chapter.5}{Experimentelle Auswertung}{}% 49
\BOOKMARK [0][]{chapter.6}{Schlusswort}{}% 50
\BOOKMARK [0][]{appendix*.2}{Literaturverzeichnis}{}% 51
