This is pdfTeX, Version 3.1415926-2.3-1.40.12 (MiKTeX 2.9) (preloaded format=pdflatex 2012.5.22)  21 JUN 2012 23:06
entering extended mode
**Muster.tex
(C:\Users\Beibei\Documents\DA\Ausarbeitung\Muster.tex
LaTeX2e <2009/09/24>
Babel <v3.8l> and hyphenation patterns for english, afrikaans, ancientgreek, ar
abic, armenian, assamese, basque, bengali, bokmal, bulgarian, catalan, coptic, 
croatian, czech, danish, dutch, esperanto, estonian, farsi, finnish, french, ga
lician, german, german-x-2009-06-19, greek, gujarati, hindi, hungarian, iceland
ic, indonesian, interlingua, irish, italian, kannada, kurmanji, lao, latin, lat
vian, lithuanian, malayalam, marathi, mongolian, mongolianlmc, monogreek, ngerm
an, ngerman-x-2009-06-19, nynorsk, oriya, panjabi, pinyin, polish, portuguese, 
romanian, russian, sanskrit, serbian, slovak, slovenian, spanish, swedish, swis
sgerman, tamil, telugu, turkish, turkmen, ukenglish, ukrainian, uppersorbian, u
senglishmax, welsh, loaded.
("C:\Program Files (x86)\MiKTeX 2.9\tex\latex\base\report.cls"
Document Class: report 2007/10/19 v1.4h Standard LaTeX document class
("C:\Program Files (x86)\MiKTeX 2.9\tex\latex\base\size12.clo"
File: size12.clo 2007/10/19 v1.4h Standard LaTeX file (size option)
)
\c@part=\count79
\c@chapter=\count80
\c@section=\count81
\c@subsection=\count82
\c@subsubsection=\count83
\c@paragraph=\count84
\c@subparagraph=\count85
\c@figure=\count86
\c@table=\count87
\abovecaptionskip=\skip41
\belowcaptionskip=\skip42
\bibindent=\dimen102
)
(C:\Users\Beibei\Documents\DA\Ausarbeitung\mysty.sty)
("C:\Program Files (x86)\MiKTeX 2.9\tex\latex\eepic\epic.sty"
Enhancements to Picture Environment. Version 1.2 - Released June 1, 1986
\@@multicnt=\count88
\d@lta=\count89
\@delta=\dimen103
\@@delta=\dimen104
\@gridcnt=\count90
\@joinkind=\count91
\@dotgap=\dimen105
\@ddotgap=\dimen106
\@x@diff=\count92
\@y@diff=\count93
\x@diff=\dimen107
\y@diff=\dimen108
\@dotbox=\box26
\num@segments=\count94
\num@segmentsi=\count95
\@datafile=\read1
) ("C:\Program Files (x86)\MiKTeX 2.9\tex\latex\eepic\eepic.sty"
Extension to Epic and LaTeX. Version 1.1e - Released Dec 21, 1999
\@gphlinewidth=\count96
\@eepictcnt=\count97
\@tempdimc=\dimen109
\maxovaldiam=\dimen110
\@filltype=\box27
) (C:\Users\Beibei\Documents\DA\Ausarbeitung\bibdef.sty
Aaai bib format modified - GDH
) (C:\Users\Beibei\Documents\DA\Ausarbeitung\bibhyphen.sty
Hyphenating bib citations - GDH
) ("C:\Program Files (x86)\MiKTeX 2.9\tex\latex\german\german.sty"
v2.5e 1998-07-08
Package: german 1998/07/08 v2.5e Support for writing german texts (br)
\grmnU@D=\dimen111
german -- \language number for Austrian undefined, default 22 used.
) ("C:\Program Files (x86)\MiKTeX 2.9\tex\latex\base\makeidx.sty"
Package: makeidx 2000/03/29 v1.0m Standard LaTeX package
) ("C:\Program Files (x86)\MiKTeX 2.9\tex\latex\tools\longtable.sty"
Package: longtable 2004/02/01 v4.11 Multi-page Table package (DPC)
\LTleft=\skip43
\LTright=\skip44
\LTpre=\skip45
\LTpost=\skip46
\LTchunksize=\count98
\LTcapwidth=\dimen112
\LT@head=\box28
\LT@firsthead=\box29
\LT@foot=\box30
\LT@lastfoot=\box31
\LT@cols=\count99
\LT@rows=\count100
\c@LT@tables=\count101
\c@LT@chunks=\count102
\LT@p@ftn=\toks14
)
("C:\Program Files (x86)\MiKTeX 2.9\tex\latex\piff\time.sty"
time.sty v1.0a, (C) Copyright Mike Piff, 15 Feb 1995 10:55:01 BST
Package: time 
) ("C:\Program Files (x86)\MiKTeX 2.9\tex\latex\tools\theorem.sty"
Package: theorem 1995/11/23 v2.2c Theorem extension package (FMi)
\theorem@style=\toks15
\theorem@bodyfont=\toks16
\theorempreskipamount=\skip47
\theorempostskipamount=\skip48

("C:\Program Files (x86)\MiKTeX 2.9\tex\latex\tools\thp.sty"
File: thp.sty 1995/11/23 v2.2c Theorem extension package (FMi)
))
("C:\Program Files (x86)\MiKTeX 2.9\tex\latex\ams\math\amsmath.sty"
Package: amsmath 2000/07/18 v2.13 AMS math features
\@mathmargin=\skip49

For additional information on amsmath, use the `?' option.
("C:\Program Files (x86)\MiKTeX 2.9\tex\latex\ams\math\amstext.sty"
Package: amstext 2000/06/29 v2.01

("C:\Program Files (x86)\MiKTeX 2.9\tex\latex\ams\math\amsgen.sty"
File: amsgen.sty 1999/11/30 v2.0
\@emptytoks=\toks17
\ex@=\dimen113
))
("C:\Program Files (x86)\MiKTeX 2.9\tex\latex\ams\math\amsbsy.sty"
Package: amsbsy 1999/11/29 v1.2d
\pmbraise@=\dimen114
)
("C:\Program Files (x86)\MiKTeX 2.9\tex\latex\ams\math\amsopn.sty"
Package: amsopn 1999/12/14 v2.01 operator names
)
\inf@bad=\count103
LaTeX Info: Redefining \frac on input line 211.
\uproot@=\count104
\leftroot@=\count105
LaTeX Info: Redefining \overline on input line 307.
\classnum@=\count106
\DOTSCASE@=\count107
LaTeX Info: Redefining \ldots on input line 379.
LaTeX Info: Redefining \dots on input line 382.
LaTeX Info: Redefining \cdots on input line 467.
\Mathstrutbox@=\box32
\strutbox@=\box33
\big@size=\dimen115
LaTeX Font Info:    Redeclaring font encoding OML on input line 567.
LaTeX Font Info:    Redeclaring font encoding OMS on input line 568.
\macc@depth=\count108
\c@MaxMatrixCols=\count109
\dotsspace@=\muskip10
\c@parentequation=\count110
\dspbrk@lvl=\count111
\tag@help=\toks18
\row@=\count112
\column@=\count113
\maxfields@=\count114
\andhelp@=\toks19
\eqnshift@=\dimen116
\alignsep@=\dimen117
\tagshift@=\dimen118
\tagwidth@=\dimen119
\totwidth@=\dimen120
\lineht@=\dimen121
\@envbody=\toks20
\multlinegap=\skip50
\multlinetaggap=\skip51
\mathdisplay@stack=\toks21
LaTeX Info: Redefining \[ on input line 2666.
LaTeX Info: Redefining \] on input line 2667.
)
("C:\Program Files (x86)\MiKTeX 2.9\tex\latex\amsfonts\amssymb.sty"
Package: amssymb 2009/06/22 v3.00

("C:\Program Files (x86)\MiKTeX 2.9\tex\latex\amsfonts\amsfonts.sty"
Package: amsfonts 2009/06/22 v3.00 Basic AMSFonts support
\symAMSa=\mathgroup4
\symAMSb=\mathgroup5
LaTeX Font Info:    Overwriting math alphabet `\mathfrak' in version `bold'
(Font)                  U/euf/m/n --> U/euf/b/n on input line 96.
))
("C:\Program Files (x86)\MiKTeX 2.9\tex\latex\uhrzeit\uhrzeit.sty"
Package: uhrzeit 2001/02/13 v0.2 Uhrzeit-Formate

("C:\Program Files (x86)\MiKTeX 2.9\tex\latex\soul\soul.sty"
Package: soul 2003/11/17 v2.4 letterspacing/underlining (mf)
\SOUL@word=\toks22
\SOUL@lasttoken=\toks23
\SOUL@cmds=\toks24
\SOUL@buffer=\toks25
\SOUL@token=\toks26
\SOUL@spaceskip=\skip52
\SOUL@ttwidth=\dimen122
\SOUL@uldp=\dimen123
\SOUL@ulht=\dimen124
)
\myhours=\count115
\myminutes=\count116
)
("C:\Program Files (x86)\MiKTeX 2.9\tex\latex\multirow\multirow.sty"
\bigstrutjot=\dimen125
)
("C:\Program Files (x86)\MiKTeX 2.9\tex\generic\oberdiek\ifpdf.sty"
Package: ifpdf 2011/01/30 v2.3 Provides the ifpdf switch (HO)
Package ifpdf Info: pdfTeX in PDF mode is detected.
)
("C:\Program Files (x86)\MiKTeX 2.9\tex\latex\base\inputenc.sty"
Package: inputenc 2008/03/30 v1.1d Input encoding file
\inpenc@prehook=\toks27
\inpenc@posthook=\toks28

("C:\Program Files (x86)\MiKTeX 2.9\tex\latex\base\latin1.def"
File: latin1.def 2008/03/30 v1.1d Input encoding file
))
("C:\Program Files (x86)\MiKTeX 2.9\tex\latex\ltxmisc\url.sty"
\Urlmuskip=\muskip11
Package: url 2006/04/12  ver 3.3  Verb mode for urls, etc.
)
("C:\Program Files (x86)\MiKTeX 2.9\tex\latex\algorithms\algorithm.sty"
Package: algorithm 2009/08/24 v0.1 Document Style `algorithm' - floating enviro
nment

("C:\Program Files (x86)\MiKTeX 2.9\tex\latex\float\float.sty"
Package: float 2001/11/08 v1.3d Float enhancements (AL)
\c@float@type=\count117
\float@exts=\toks29
\float@box=\box34
\@float@everytoks=\toks30
\@floatcapt=\box35
)
("C:\Program Files (x86)\MiKTeX 2.9\tex\latex\base\ifthen.sty"
Package: ifthen 2001/05/26 v1.1c Standard LaTeX ifthen package (DPC)
)
\@float@every@algorithm=\toks31
\c@algorithm=\count118
)
("C:\Program Files (x86)\MiKTeX 2.9\tex\latex\algorithmicx\algpseudocode.sty"
Package: algpseudocode 

("C:\Program Files (x86)\MiKTeX 2.9\tex\latex\algorithmicx\algorithmicx.sty"
Package: algorithmicx 2005/04/27 v1.2 Algorithmicx

Document Style algorithmicx 1.2 - a greatly improved `algorithmic' style
\c@ALG@line=\count119
\c@ALG@rem=\count120
\c@ALG@nested=\count121
\ALG@tlm=\skip53
\ALG@thistlm=\skip54
\c@ALG@Lnr=\count122
\c@ALG@blocknr=\count123
\c@ALG@storecount=\count124
\c@ALG@tmpcounter=\count125
\ALG@tmplength=\skip55
)
Document Style - pseudocode environments for use with the `algorithmicx' style
) ("C:\Program Files (x86)\MiKTeX 2.9\tex\latex\hyperref\hyperref.sty"
Package: hyperref 2011/04/17 v6.82g Hypertext links for LaTeX

("C:\Program Files (x86)\MiKTeX 2.9\tex\generic\oberdiek\hobsub-hyperref.sty"
Package: hobsub-hyperref 2011/04/23 v1.4 Bundle oberdiek, subset hyperref (HO)

("C:\Program Files (x86)\MiKTeX 2.9\tex\generic\oberdiek\hobsub-generic.sty"
Package: hobsub-generic 2011/04/23 v1.4 Bundle oberdiek, subset generic (HO)
Package: hobsub 2011/04/23 v1.4 Subsetting bundle oberdiek (HO)
Package: infwarerr 2010/04/08 v1.3 Providing info/warning/message (HO)
Package: ltxcmds 2011/04/18 v1.20 LaTeX kernel commands for general use (HO)
Package: ifluatex 2010/03/01 v1.3 Provides the ifluatex switch (HO)
Package ifluatex Info: LuaTeX not detected.
Package: ifvtex 2010/03/01 v1.5 Switches for detecting VTeX and its modes (HO)
Package ifvtex Info: VTeX not detected.
Package: intcalc 2007/09/27 v1.1 Expandable integer calculations (HO)
Package hobsub Info: Skipping package `ifpdf' (already loaded).
Package: etexcmds 2011/02/16 v1.5 Prefix for e-TeX command names (HO)
Package etexcmds Info: Could not find \expanded.
(etexcmds)             That can mean that you are not using pdfTeX 1.50 or
(etexcmds)             that some package has redefined \expanded.
(etexcmds)             In the latter case, load this package earlier.
Package: kvsetkeys 2011/04/07 v1.13 Key value parser (HO)
Package: kvdefinekeys 2011/04/07 v1.3 Defining keys (HO)
Package: pdftexcmds 2011/04/22 v0.16 Utilities of pdfTeX for LuaTeX (HO)
Package pdftexcmds Info: LuaTeX not detected.
Package pdftexcmds Info: \pdf@primitive is available.
Package pdftexcmds Info: \pdf@ifprimitive is available.
Package pdftexcmds Info: \pdfdraftmode found.
Package: pdfescape 2011/04/04 v1.12 Provides string conversions (HO)
Package: bigintcalc 2011/01/30 v1.2 Expandable big integer calculations (HO)
Package: bitset 2011/01/30 v1.1 Data type bit set (HO)
Package: uniquecounter 2011/01/30 v1.2 Provides unlimited unique counter (HO)
)
Package hobsub Info: Skipping package `hobsub' (already loaded).
Package: letltxmacro 2010/09/02 v1.4 Let assignment for LaTeX macros (HO)
Package: hopatch 2011/01/30 v1.0 Wrapper for package hooks (HO)
Package: xcolor-patch 2011/01/30 xcolor patch
Package: atveryend 2011/04/23 v1.7 Hooks at very end of document (HO)
Package atveryend Info: \enddocument detected (standard).
Package: atbegshi 2011/01/30 v1.15 At begin shipout hook (HO)
Package: refcount 2010/12/01 v3.2 Data extraction from references (HO)
Package: hycolor 2011/01/30 v1.7 Color options of hyperref/bookmark (HO)
)
("C:\Program Files (x86)\MiKTeX 2.9\tex\latex\graphics\keyval.sty"
Package: keyval 1999/03/16 v1.13 key=value parser (DPC)
\KV@toks@=\toks32
)
("C:\Program Files (x86)\MiKTeX 2.9\tex\generic\ifxetex\ifxetex.sty"
Package: ifxetex 2010/09/12 v0.6 Provides ifxetex conditional
)
("C:\Program Files (x86)\MiKTeX 2.9\tex\latex\oberdiek\kvoptions.sty"
Package: kvoptions 2010/12/23 v3.10 Keyval support for LaTeX options (HO)
)
\@linkdim=\dimen126
\Hy@linkcounter=\count126
\Hy@pagecounter=\count127

("C:\Program Files (x86)\MiKTeX 2.9\tex\latex\hyperref\pd1enc.def"
File: pd1enc.def 2011/04/17 v6.82g Hyperref: PDFDocEncoding definition (HO)
)
\Hy@SavedSpaceFactor=\count128

("C:\Program Files (x86)\MiKTeX 2.9\tex\latex\00miktex\hyperref.cfg"
File: hyperref.cfg 2002/06/06 v1.2 hyperref configuration of TeXLive
)
Package hyperref Info: Option `colorlinks' set `true' on input line 3905.
Package hyperref Info: Option `bookmarksopen' set `true' on input line 3905.
Package hyperref Info: Hyper figures OFF on input line 4026.
Package hyperref Info: Link nesting OFF on input line 4031.
Package hyperref Info: Hyper index ON on input line 4034.
Package hyperref Info: Plain pages OFF on input line 4041.
Package hyperref Info: Backreferencing ON on input line 4044.
Package hyperref Info: Implicit mode ON; LaTeX internals redefined.
Package hyperref Info: Bookmarks ON on input line 4264.

("C:\Program Files (x86)\MiKTeX 2.9\tex\latex\hyperref\backref.sty"
Package: backref 2010/08/30 v1.36 Bibliographical back referencing

("C:\Program Files (x86)\MiKTeX 2.9\tex\latex\oberdiek\rerunfilecheck.sty"
Package: rerunfilecheck 2011/04/15 v1.7 Rerun checks for auxiliary files (HO)
Package uniquecounter Info: New unique counter `rerunfilecheck' on input line 2
82.
))
\c@Hy@tempcnt=\count129
LaTeX Info: Redefining \url on input line 4617.
\Fld@menulength=\count130
\Field@Width=\dimen127
\Fld@charsize=\dimen128
Package hyperref Info: Hyper figures OFF on input line 5701.
Package hyperref Info: Link nesting OFF on input line 5706.
Package hyperref Info: Hyper index ON on input line 5709.
Package hyperref Info: backreferencing ON on input line 5714.
Package hyperref Info: Link coloring ON on input line 5719.
Package hyperref Info: Link coloring with OCG OFF on input line 5726.
Package hyperref Info: PDF/A mode OFF on input line 5731.
LaTeX Info: Redefining \ref on input line 5771.
LaTeX Info: Redefining \pageref on input line 5775.
\Hy@abspage=\count131
\c@Item=\count132
\c@Hfootnote=\count133
)

Package hyperref Message: Driver: hpdftex.

("C:\Program Files (x86)\MiKTeX 2.9\tex\latex\hyperref\hpdftex.def"
File: hpdftex.def 2011/04/17 v6.82g Hyperref driver for pdfTeX
\Fld@listcount=\count134
\c@bookmark@seq@number=\count135
\Hy@SectionHShift=\skip56
)
("C:\Program Files (x86)\MiKTeX 2.9\tex\latex\graphics\graphicx.sty"
Package: graphicx 1999/02/16 v1.0f Enhanced LaTeX Graphics (DPC,SPQR)

("C:\Program Files (x86)\MiKTeX 2.9\tex\latex\graphics\graphics.sty"
Package: graphics 2009/02/05 v1.0o Standard LaTeX Graphics (DPC,SPQR)

("C:\Program Files (x86)\MiKTeX 2.9\tex\latex\graphics\trig.sty"
Package: trig 1999/03/16 v1.09 sin cos tan (DPC)
)
("C:\Program Files (x86)\MiKTeX 2.9\tex\latex\00miktex\graphics.cfg"
File: graphics.cfg 2007/01/18 v1.5 graphics configuration of teTeX/TeXLive
)
Package graphics Info: Driver file: pdftex.def on input line 91.

("C:\Program Files (x86)\MiKTeX 2.9\tex\latex\pdftex-def\pdftex.def"
File: pdftex.def 2011/05/27 v0.06d Graphics/color for pdfTeX
\Gread@gobject=\count136
))
\Gin@req@height=\dimen129
\Gin@req@width=\dimen130
)
("C:\Program Files (x86)\MiKTeX 2.9\tex\latex\thumbpdf\thumbpdf.sty"
Package: thumbpdf 2010/07/07 v3.11 Inclusion of thumbnails (HO)


Package thumbpdf Warning: Thumbnail data file `Muster.tpt' not found.

) ("C:\Program Files (x86)\MiKTeX 2.9\tex\latex\graphics\color.sty"
Package: color 2005/11/14 v1.0j Standard LaTeX Color (DPC)

("C:\Program Files (x86)\MiKTeX 2.9\tex\latex\00miktex\color.cfg"
File: color.cfg 2007/01/18 v1.5 color configuration of teTeX/TeXLive
)
Package color Info: Driver file: pdftex.def on input line 130.
)
\c@countCites=\count137
\c@countNotCited=\count138
\c@definition=\count139
\c@theorem=\count140
\c@lemma=\count141
\c@proposition=\count142
\c@corollary=\count143
\c@observation=\count144
\c@fact=\count145
\c@procedure=\count146
\c@postulat=\count147
\c@remark=\count148
\c@example=\count149
\ProofSym=\box36

(C:\Users\Beibei\Documents\DA\Ausarbeitung\Muster.aux)
LaTeX Font Info:    Checking defaults for OML/cmm/m/it on input line 203.
LaTeX Font Info:    ... okay on input line 203.
LaTeX Font Info:    Checking defaults for T1/cmr/m/n on input line 203.
LaTeX Font Info:    ... okay on input line 203.
LaTeX Font Info:    Checking defaults for OT1/cmr/m/n on input line 203.
LaTeX Font Info:    ... okay on input line 203.
LaTeX Font Info:    Checking defaults for OMS/cmsy/m/n on input line 203.
LaTeX Font Info:    ... okay on input line 203.
LaTeX Font Info:    Checking defaults for OMX/cmex/m/n on input line 203.
LaTeX Font Info:    ... okay on input line 203.
LaTeX Font Info:    Checking defaults for U/cmr/m/n on input line 203.
LaTeX Font Info:    ... okay on input line 203.
LaTeX Font Info:    Checking defaults for PD1/pdf/m/n on input line 203.
LaTeX Font Info:    ... okay on input line 203.
\AtBeginShipoutBox=\box37
Package hyperref Info: Link coloring ON on input line 203.

("C:\Program Files (x86)\MiKTeX 2.9\tex\latex\hyperref\nameref.sty"
Package: nameref 2010/04/30 v2.40 Cross-referencing by name of section

("C:\Program Files (x86)\MiKTeX 2.9\tex\generic\oberdiek\gettitlestring.sty"
Package: gettitlestring 2010/12/03 v1.4 Cleanup title references (HO)
)
\c@section@level=\count150
)
LaTeX Info: Redefining \ref on input line 203.
LaTeX Info: Redefining \pageref on input line 203.
LaTeX Info: Redefining \nameref on input line 203.

(C:\Users\Beibei\Documents\DA\Ausarbeitung\Muster.out)
(C:\Users\Beibei\Documents\DA\Ausarbeitung\Muster.out)
\@outlinefile=\write3

("C:\Program Files (x86)\MiKTeX 2.9\tex\context\base\supp-pdf.mkii"
[Loading MPS to PDF converter (version 2006.09.02).]
\scratchcounter=\count151
\scratchdimen=\dimen131
\scratchbox=\box38
\nofMPsegments=\count152
\nofMParguments=\count153
\everyMPshowfont=\toks33
\MPscratchCnt=\count154
\MPscratchDim=\dimen132
\MPnumerator=\count155
\everyMPtoPDFconversion=\toks34
) (C:\Users\Beibei\Documents\DA\Ausarbeitung\Kapitel/titel.tex
LaTeX Font Info:    Try loading font information for U+msa on input line 46.

("C:\Program Files (x86)\MiKTeX 2.9\tex\latex\amsfonts\umsa.fd"
File: umsa.fd 2009/06/22 v3.00 AMS symbols A
)
LaTeX Font Info:    Try loading font information for U+msb on input line 46.

("C:\Program Files (x86)\MiKTeX 2.9\tex\latex\amsfonts\umsb.fd"
File: umsb.fd 2009/06/22 v3.00 AMS symbols B
)
<Abbildungen/kit_logo_de_farbe_positiv.jpg, id=247, 199.7061pt x 91.3011pt>
File: Abbildungen/kit_logo_de_farbe_positiv.jpg Graphic file (type jpg)

<use Abbildungen/kit_logo_de_farbe_positiv.jpg>
Package pdftex.def Info: Abbildungen/kit_logo_de_farbe_positiv.jpg used on inpu
t line 46.
(pdftex.def)             Requested size: 128.0374pt x 58.53558pt.
) [1

{C:/ProgramData/MiKTeX/2.9/pdftex/config/pdftex.map} <C:/Users/Beibei/Documents
/DA/Ausarbeitung/Abbildungen/kit_logo_de_farbe_positiv.jpg>] [2

]
(C:\Users\Beibei\Documents\DA\Ausarbeitung\Muster.toc
Underfull \vbox (badness 1484) has occurred while \output is active []

 [1

]
Underfull \vbox (badness 1762) has occurred while \output is active []

 [2])
\tf@toc=\write4

[3] [4

] (C:\Users\Beibei\Documents\DA\Ausarbeitung\Kapitel/Einleitung.tex
Kapitel 1.

Underfull \hbox (badness 10000) in paragraph at lines 8--12

 []


Underfull \hbox (badness 10000) in paragraph at lines 8--12

 []

pdfTeX warning (ext4): destination with the same identifier (name{page.1}) has 
been already used, duplicate ignored
<to be read again> 
                   \relax 
l.12 
      [1

]
LaTeX Font Info:    Try loading font information for OMS+cmr on input line 16.
 ("C:\Program Files (x86)\MiKTeX 2.9\tex\latex\base\omscmr.fd"
File: omscmr.fd 1999/05/25 v2.5h Standard LaTeX font definitions
)
LaTeX Font Info:    Font shape `OMS/cmr/m/n' in size <12> not available
(Font)              Font shape `OMS/cmsy/m/n' tried instead on input line 16.
)
(C:\Users\Beibei\Documents\DA\Ausarbeitung\Kapitel/StandDerForschung.texpdfTeX 
warning (ext4): destination with the same identifier (name{page.2}) has been al
ready used, duplicate ignored
<to be read again> 
                   \relax 
l.1 \chapter
            {Stand der Forschung} [2]
Kapitel 2.

Underfull \hbox (badness 10000) in paragraph at lines 12--20

 []


Underfull \hbox (badness 10000) in paragraph at lines 12--20

 []

[3

]
Underfull \vbox (badness 10000) has occurred while \output is active []

 [4]
[5]
Overfull \hbox (6.27904pt too wide) in paragraph at lines 44--45
\OT1/cmr/m/n/12 Rhijn und Mul-der ha-ben ein mar-ken-ba-sier-tes Ver-fah-ren en
t-wickelt, was das Ver-deckungs-
 []

[6]
Underfull \hbox (badness 10000) in paragraph at lines 59--63

 []

[7] [8] [9]
Underfull \hbox (badness 10000) in paragraph at lines 75--85

 []


Overfull \hbox (18.98167pt too wide) in paragraph at lines 75--85
\OT1/cmr/m/n/12 Andererseits kann die cha-rak-te-ri-sti-sche In-for-ma-ti-on je
-des Ob-jekts einen ein-zi-gen vollst[]andi-
 []


Underfull \hbox (badness 10000) in paragraph at lines 75--85

 []


Underfull \hbox (badness 10000) in paragraph at lines 75--85

 []

[10]) (C:\Users\Beibei\Documents\DA\Ausarbeitung\Kapitel/Grundlagen.tex
[11]
Kapitel 3.

Underfull \hbox (badness 10000) in paragraph at lines 16--20

 []

<Abbildungen/PMDParam.png, id=496, 695.59875pt x 468.24937pt>
File: Abbildungen/PMDParam.png Graphic file (type png)

<use Abbildungen/PMDParam.png>
Package pdftex.def Info: Abbildungen/PMDParam.png used on input line 29.
(pdftex.def)             Requested size: 417.36247pt x 280.95178pt.

Underfull \hbox (badness 10000) in paragraph at lines 23--33

 []


Underfull \vbox (badness 10000) has occurred while \output is active []

 [12

]
<Abbildungen/PMDIntTime.png, id=508, 636.12656pt x 221.32687pt>
File: Abbildungen/PMDIntTime.png Graphic file (type png)

<use Abbildungen/PMDIntTime.png>
Package pdftex.def Info: Abbildungen/PMDIntTime.png used on input line 38.
(pdftex.def)             Requested size: 381.67888pt x 132.79713pt.

Underfull \vbox (badness 1852) has occurred while \output is active []

 [13 <C:/Users/Beibei/Documents/DA/Ausarbeitung/Abbildungen/PMDParam.png>]
Underfull \hbox (badness 10000) in paragraph at lines 44--46

 []

<Abbildungen/Kinect.png, id=522, 418.56375pt x 268.00125pt>
File: Abbildungen/Kinect.png Graphic file (type png)

<use Abbildungen/Kinect.png>
Package pdftex.def Info: Abbildungen/Kinect.png used on input line 49.
(pdftex.def)             Requested size: 251.14018pt x 160.80197pt.
 [14 <C:/Users/Beibei/Documents/DA/Ausarbeitung/Abbildungen/PMDIntTime.png> <C:
/Users/Beibei/Documents/DA/Ausarbeitung/Abbildungen/Kinect.png>] [15]
<Abbildungen/Compare-3D-Dis.png, id=543, 881.54344pt x 392.96812pt>
File: Abbildungen/Compare-3D-Dis.png Graphic file (type png)

<use Abbildungen/Compare-3D-Dis.png>
Package pdftex.def Info: Abbildungen/Compare-3D-Dis.png used on input line 83.
(pdftex.def)             Requested size: 396.69089pt x 176.83401pt.
 [16 <C:/Users/Beibei/Documents/DA/Ausarbeitung/Abbildungen/Compare-3D-Dis.png>
]
<Abbildungen/SampleBild.png, id=551, 1576.38937pt x 380.92313pt>
File: Abbildungen/SampleBild.png Graphic file (type png)

<use Abbildungen/SampleBild.png>
Package pdftex.def Info: Abbildungen/SampleBild.png used on input line 97.
(pdftex.def)             Requested size: 346.80673pt x 83.80333pt.

<Abbildungen/Number-of-detected-features.png, id=554, 599.23875pt x 350.05782pt
>
File: Abbildungen/Number-of-detected-features.png Graphic file (type png)
 <use Abbildungen/Number-of-detected-features.png>
Package pdftex.def Info: Abbildungen/Number-of-detected-features.png used on in
put line 104.
(pdftex.def)             Requested size: 419.46426pt x 245.03879pt.

Underfull \hbox (badness 10000) in paragraph at lines 109--113

 []

[17 <C:/Users/Beibei/Documents/DA/Ausarbeitung/Abbildungen/SampleBild.png> <C:/
Users/Beibei/Documents/DA/Ausarbeitung/Abbildungen/Number-of-detected-features.
png>]
<Abbildungen/Average-tracking-error.png, id=569, 599.23875pt x 413.29407pt>
File: Abbildungen/Average-tracking-error.png Graphic file (type png)

<use Abbildungen/Average-tracking-error.png>
Package pdftex.def Info: Abbildungen/Average-tracking-error.png used on input l
ine 116.
(pdftex.def)             Requested size: 419.46426pt x 289.30386pt.

Underfull \vbox (badness 10000) has occurred while \output is active []

 [18 <C:/Users/Beibei/Documents/DA/Ausarbeitung/Abbildungen/Average-tracking-er
ror.png>]
Underfull \hbox (badness 10000) in paragraph at lines 138--142

 []

[19] [20]
Underfull \hbox (badness 10000) in paragraph at lines 226--230

 []

[21]
Package hyperref Info: bookmark level for unknown algorithm defaults to 0 on in
put line 250.
 [22] [23]
Overfull \hbox (13.14516pt too wide) in paragraph at lines 372--372
[]\OT1/cmr/bx/n/14.4 Beschreibung der Dre-hun-gen im Drei-di-men-sio-na-len Rau
m
 []

[24] [25] [26] [27]
Underfull \hbox (badness 10000) in paragraph at lines 574--578

 []


LaTeX Font Warning: Font shape `OT1/cmss/m/it' in size <12> not available
(Font)              Font shape `OT1/cmss/m/sl' tried instead on input line 580.


[28] <Abbildungen/DBSCAN.png, id=670, 1003.75pt x 723.70375pt>
File: Abbildungen/DBSCAN.png Graphic file (type png)

<use Abbildungen/DBSCAN.png>
Package pdftex.def Info: Abbildungen/DBSCAN.png used on input line 622.
(pdftex.def)             Requested size: 301.12732pt x 217.1128pt.

Underfull \hbox (badness 10000) in paragraph at lines 627--631

 []

[29 <C:/Users/Beibei/Documents/DA/Ausarbeitung/Abbildungen/DBSCAN.png>]
Underfull \vbox (badness 10000) has occurred while \output is active []

 [30])
(C:\Users\Beibei\Documents\DA\Ausarbeitung\Kapitel/Implementierung.tex [31]
Kapitel 4.
<Abbildungen/HauptAblauf.png, id=694, 822.4326pt x 285.10515pt>
File: Abbildungen/HauptAblauf.png Graphic file (type png)

<use Abbildungen/HauptAblauf.png>
Package pdftex.def Info: Abbildungen/HauptAblauf.png used on input line 6.
(pdftex.def)             Requested size: 452.33934pt x 156.8083pt.

Overfull \hbox (11.32162pt too wide) in paragraph at lines 6--7
 [][] 
 []

[32

 <C:/Users/Beibei/Documents/DA/Ausarbeitung/Abbildungen/HauptAblauf.png>]
<Abbildungen/Ablaufsbild.png, id=702, 535.5207pt x 753.0534pt>
File: Abbildungen/Ablaufsbild.png Graphic file (type png)

<use Abbildungen/Ablaufsbild.png>
Package pdftex.def Info: Abbildungen/Ablaufsbild.png used on input line 24.
(pdftex.def)             Requested size: 374.86194pt x 527.13379pt.
)
(C:\Users\Beibei\Documents\DA\Ausarbeitung\Kapitel/ExperimentelleAuswertung.tex
[33] [34 <C:/Users/Beibei/Documents/DA/Ausarbeitung/Abbildungen/Ablaufsbild.png
>]
Kapitel 5.
) (C:\Users\Beibei\Documents\DA\Ausarbeitung\Kapitel/Schlusswort.tex [35

]
Kapitel 6.
) [36

] (C:\Users\Beibei\Documents\DA\Ausarbeitung\Kapitel/Literatur.tex
(C:\Users\Beibei\Documents\DA\Ausarbeitung\Muster.brf)
\tf@brf=\write5
 [37


]
Underfull \hbox (badness 10000) in paragraph at lines 107--107
[]\OT1/cmr/m/n/12 Kinect-How it works  http://www.cadet.at/wp-
 []

[38]
Underfull \hbox (badness 10000) in paragraph at lines 148--148
[]\OT1/cmr/m/n/12 PMDs Cam-Cu-be Einf[]uhrung:
 []


Overfull \hbox (9.11594pt too wide) in paragraph at lines 148--148
\OT1/cmr/m/n/12 http://www.pmdtec.com/fileadmin/pmdtec/downloads/documentation/
datenblatt[]
 []


Underfull \hbox (badness 10000) in paragraph at lines 152--152
[]\OT1/cmr/m/n/12 PMDs Cam-Cu-be De-ve-lop-ment Tu-to-ri-al:
 []


Overfull \hbox (0.62991pt too wide) in paragraph at lines 152--152
\OT1/cmr/m/n/12 http://www.pmdtec.com/fileadmin/pmdtec/downloads/documentation/
camcube[]
 []

[39]
Overfull \hbox (12.31093pt too wide) in paragraph at lines 176--176
[]\OT1/cmr/m/n/12 TOF-Kamera Wi-ki-pe-dia: http://de.wikipedia.org/wiki/Time-
 []

)
Package atveryend Info: Empty hook `BeforeClearDocument' on input line 312.
 [40]
Package atveryend Info: Empty hook `AfterLastShipout' on input line 312.
 (C:\Users\Beibei\Documents\DA\Ausarbeitung\Muster.aux)
Package atveryend Info: Executing hook `AtVeryEndDocument' on input line 312.
Package atveryend Info: Executing hook `AtEndAfterFileList' on input line 312.
Package rerunfilecheck Info: File `Muster.out' has not changed.
(rerunfilecheck)             Checksum: 870B3ADFBDF6D5A5B6C8077756B4241C;4521.
Package rerunfilecheck Info: File `Muster.brf' has not changed.
(rerunfilecheck)             Checksum: 8AC5BAD4FC416803120C384538D7AB15;3548.
Package atveryend Info: Empty hook `AtVeryVeryEnd' on input line 312.
 ) 
Here is how much of TeX's memory you used:
 7995 strings out of 494049
 113077 string characters out of 3146062
 203062 words of memory out of 3000000
 10904 multiletter control sequences out of 15000+200000
 15412 words of font info for 55 fonts, out of 3000000 for 9000
 715 hyphenation exceptions out of 8191
 32i,13n,28p,2490b,407s stack positions out of 5000i,500n,10000p,200000b,50000s
<C:/Program Files (x86)/MiKTeX 2.9/fonts/type1/public/amsfonts/cm/cmbx12.pfb>
<C:/Program Files (x86)/MiKTeX 2.9/fonts/type1/public/amsfonts/cm/cmex10.pfb><C
:/Program Files (x86)/MiKTeX 2.9/fonts/type1/public/amsfonts/cm/cmmi12.pfb><C:/
Program Files (x86)/MiKTeX 2.9/fonts/type1/public/amsfonts/cm/cmmi6.pfb><C:/Pro
gram Files (x86)/MiKTeX 2.9/fonts/type1/public/amsfonts/cm/cmmi8.pfb><C:/Progra
m Files (x86)/MiKTeX 2.9/fonts/type1/public/amsfonts/cm/cmr12.pfb><C:/Program F
iles (x86)/MiKTeX 2.9/fonts/type1/public/amsfonts/cm/cmr6.pfb><C:/Program Files
 (x86)/MiKTeX 2.9/fonts/type1/public/amsfonts/cm/cmr8.pfb><C:/Program Files (x8
6)/MiKTeX 2.9/fonts/type1/public/amsfonts/cm/cmsl12.pfb><C:/Program Files (x86)
/MiKTeX 2.9/fonts/type1/public/amsfonts/cm/cmss10.pfb><C:/Program Files (x86)/M
iKTeX 2.9/fonts/type1/public/amsfonts/cm/cmssi12.pfb><C:/Program Files (x86)/Mi
KTeX 2.9/fonts/type1/public/amsfonts/cm/cmsy10.pfb><C:/Program Files (x86)/MiKT
eX 2.9/fonts/type1/public/amsfonts/cm/cmsy8.pfb><C:/Program Files (x86)/MiKTeX 
2.9/fonts/type1/public/amsfonts/cm/cmti12.pfb><C:/Program Files (x86)/MiKTeX 2.
9/fonts/type1/public/amsfonts/symbols/msbm10.pfb>
Output written on Muster.pdf (46 pages, 3964445 bytes).
PDF statistics:
 898 PDF objects out of 1000 (max. 8388607)
 202 named destinations out of 1000 (max. 500000)
 544 words of extra memory for PDF output out of 10000 (max. 10000000)

